<?xml version="1.0" encoding="utf-8"?><testsuites><testsuite name="pytest" errors="0" failures="0" skipped="3" tests="13" time="0.805" timestamp="2024-06-27T15:25:07.993235" hostname="OLI-OMEN"><testcase classname="bumpversion" name="FLAKE8" time="0.001"><skipped type="pytest.skip" message="file(s) previously passed FLAKE8 checks">/media/olivier/ssd1T/dev/kairntech/pyprocessors_escrim_reconciliation/.tox/report/lib/python3.8/site-packages/pytest_flake8.py:124: file(s) previously passed FLAKE8 checks</skipped></testcase><testcase classname="src.pyprocessors_escrim_reconciliation.__init__" name="FLAKE8" time="0.001"><skipped type="pytest.skip" message="file(s) previously passed FLAKE8 checks">/media/olivier/ssd1T/dev/kairntech/pyprocessors_escrim_reconciliation/.tox/report/lib/python3.8/site-packages/pytest_flake8.py:124: file(s) previously passed FLAKE8 checks</skipped></testcase><testcase classname="src.pyprocessors_escrim_reconciliation.escrim_reconciliation" name="FLAKE8" time="0.151" /><testcase classname="tests.__init__" name="FLAKE8" time="0.001"><skipped type="pytest.skip" message="file(s) previously passed FLAKE8 checks">/media/olivier/ssd1T/dev/kairntech/pyprocessors_escrim_reconciliation/.tox/report/lib/python3.8/site-packages/pytest_flake8.py:124: file(s) previously passed FLAKE8 checks</skipped></testcase><testcase classname="tests.test_escrim_reconciliation" name="FLAKE8" time="0.089" /><testcase classname="tests.test_escrim_reconciliation" name="test_model" time="0.000" /><testcase classname="tests.test_escrim_reconciliation" name="test_escrim_fr" time="0.076" /><testcase classname="tests.test_escrim_reconciliation" name="test_SHERPA_XXX1" time="0.003" /><testcase classname="tests.test_escrim_reconciliation" name="test_SHERPA_XXX2" time="0.002" /><testcase classname="tests.test_escrim_reconciliation" name="test_SHERPA_XXX3" time="0.002" /><testcase classname="tests.test_escrim_reconciliation" name="test_SHERPA_XXX4" time="0.002" /><testcase classname="tests.test_escrim_reconciliation" name="test_SHERPA_XXX5" time="0.002" /><testcase classname="tests.test_escrim_reconciliation" name="test_SHERPA_XXX6" time="0.002" /></testsuite></testsuites>